# JRE version: OpenJDK Runtime Environment (8.0_242-b01) (build 1.8.0_242-release-1644-b01)
# Java VM: OpenJDK 64-Bit Server VM (25.242-b01 mixed mode windows-amd64 compressed oops)
Heap:
 PSYoungGen      total 480256K, used 379018K [0x00000000d5580000, 0x00000000f7900000, 0x0000000100000000)
  eden space 434176K, 79% used [0x00000000d5580000,0x00000000ea76ab60,0x00000000efd80000)
  from space 46080K, 71% used [0x00000000efd80000,0x00000000f1db8070,0x00000000f2a80000)
  to   space 48128K, 0% used [0x00000000f4a00000,0x00000000f4a00000,0x00000000f7900000)
 ParOldGen       total 295424K, used 70931K [0x0000000080000000, 0x0000000092080000, 0x00000000d5580000)
  object space 295424K, 24% used [0x0000000080000000,0x0000000084544c90,0x0000000092080000)
 Metaspace       used 114644K, capacity 122170K, committed 122328K, reserved 1155072K
  class space    used 15109K, capacity 16582K, committed 16640K, reserved 1048576K
GC Heap History (10 events):
Event: 81.573 GC heap before
{Heap before GC invocations=19 (full 4):
 PSYoungGen      total 378368K, used 23820K [0x00000000d5580000, 0x00000000f2780000, 0x0000000100000000)
  eden space 340992K, 0% used [0x00000000d5580000,0x00000000d5580000,0x00000000ea280000)
  from space 37376K, 63% used [0x00000000ea280000,0x00000000eb9c33d8,0x00000000ec700000)
  to   space 37888K, 0% used [0x00000000f0280000,0x00000000f0280000,0x00000000f2780000)
 ParOldGen       total 188416K, used 80460K [0x0000000080000000, 0x000000008b800000, 0x00000000d5580000)
  object space 188416K, 42% used [0x0000000080000000,0x0000000084e93338,0x000000008b800000)
 Metaspace       used 92452K, capacity 98188K, committed 98280K, reserved 1134592K
  class space    used 12289K, capacity 13410K, committed 13440K, reserved 1048576K
Event: 81.758 GC heap after
Heap after GC invocations=19 (full 4):
 PSYoungGen      total 378368K, used 0K [0x00000000d5580000, 0x00000000f2780000, 0x0000000100000000)
  eden space 340992K, 0% used [0x00000000d5580000,0x00000000d5580000,0x00000000ea280000)
  from space 37376K, 0% used [0x00000000ea280000,0x00000000ea280000,0x00000000ec700000)
  to   space 37888K, 0% used [0x00000000f0280000,0x00000000f0280000,0x00000000f2780000)
 ParOldGen       total 295424K, used 70891K [0x0000000080000000, 0x0000000092080000, 0x00000000d5580000)
  object space 295424K, 23% used [0x0000000080000000,0x000000008453ac90,0x0000000092080000)
 Metaspace       used 91676K, capacity 95958K, committed 98280K, reserved 1134592K
  class space    used 12038K, capacity 12965K, committed 13440K, reserved 1048576K
}
Event: 84.770 GC heap before
{Heap before GC invocations=20 (full 4):
 PSYoungGen      total 378368K, used 340992K [0x00000000d5580000, 0x00000000f2780000, 0x0000000100000000)
  eden space 340992K, 100% used [0x00000000d5580000,0x00000000ea280000,0x00000000ea280000)
  from space 37376K, 0% used [0x00000000ea280000,0x00000000ea280000,0x00000000ec700000)
  to   space 37888K, 0% used [0x00000000f0280000,0x00000000f0280000,0x00000000f2780000)
 ParOldGen       total 295424K, used 70891K [0x0000000080000000, 0x0000000092080000, 0x00000000d5580000)
  object space 295424K, 23% used [0x0000000080000000,0x000000008453ac90,0x0000000092080000)
 Metaspace       used 102510K, capacity 107172K, committed 108888K, reserved 1142784K
  class space    used 13379K, capacity 14365K, committed 14720K, reserved 1048576K
Event: 84.793 GC heap after
Heap after GC invocations=20 (full 4):
 PSYoungGen      total 437248K, used 27843K [0x00000000d5580000, 0x00000000f3180000, 0x0000000100000000)
  eden space 399360K, 0% used [0x00000000d5580000,0x00000000d5580000,0x00000000edb80000)
  from space 37888K, 73% used [0x00000000f0280000,0x00000000f1db0d38,0x00000000f2780000)
  to   space 39936K, 0% used [0x00000000edb80000,0x00000000edb80000,0x00000000f0280000)
 ParOldGen       total 295424K, used 70907K [0x0000000080000000, 0x0000000092080000, 0x00000000d5580000)
  object space 295424K, 24% used [0x0000000080000000,0x000000008453ec90,0x0000000092080000)
 Metaspace       used 102510K, capacity 107172K, committed 108888K, reserved 1142784K
  class space    used 13379K, capacity 14365K, committed 14720K, reserved 1048576K
}
Event: 147.024 GC heap before
{Heap before GC invocations=21 (full 4):
 PSYoungGen      total 437248K, used 427203K [0x00000000d5580000, 0x00000000f3180000, 0x0000000100000000)
  eden space 399360K, 100% used [0x00000000d5580000,0x00000000edb80000,0x00000000edb80000)
  from space 37888K, 73% used [0x00000000f0280000,0x00000000f1db0d38,0x00000000f2780000)
  to   space 39936K, 0% used [0x00000000edb80000,0x00000000edb80000,0x00000000f0280000)
 ParOldGen       total 295424K, used 70907K [0x0000000080000000, 0x0000000092080000, 0x00000000d5580000)
  object space 295424K, 24% used [0x0000000080000000,0x000000008453ec90,0x0000000092080000)
 Metaspace       used 112215K, capacity 119128K, committed 119256K, reserved 1153024K
  class space    used 14958K, capacity 16319K, committed 16384K, reserved 1048576K
Event: 147.045 GC heap after
Heap after GC invocations=21 (full 4):
 PSYoungGen      total 439296K, used 32559K [0x00000000d5580000, 0x00000000f5980000, 0x0000000100000000)
  eden space 399360K, 0% used [0x00000000d5580000,0x00000000d5580000,0x00000000edb80000)
  from space 39936K, 81% used [0x00000000edb80000,0x00000000efb4bea0,0x00000000f0280000)
  to   space 43008K, 0% used [0x00000000f2f80000,0x00000000f2f80000,0x00000000f5980000)
 ParOldGen       total 295424K, used 70915K [0x0000000080000000, 0x0000000092080000, 0x00000000d5580000)
  object space 295424K, 24% used [0x0000000080000000,0x0000000084540c90,0x0000000092080000)
 Metaspace       used 112215K, capacity 119128K, committed 119256K, reserved 1153024K
  class space    used 14958K, capacity 16319K, committed 16384K, reserved 1048576K
}
Event: 328.039 GC heap before
{Heap before GC invocations=22 (full 4):
 PSYoungGen      total 439296K, used 431919K [0x00000000d5580000, 0x00000000f5980000, 0x0000000100000000)
  eden space 399360K, 100% used [0x00000000d5580000,0x00000000edb80000,0x00000000edb80000)
  from space 39936K, 81% used [0x00000000edb80000,0x00000000efb4bea0,0x00000000f0280000)
  to   space 43008K, 0% used [0x00000000f2f80000,0x00000000f2f80000,0x00000000f5980000)
 ParOldGen       total 295424K, used 70915K [0x0000000080000000, 0x0000000092080000, 0x00000000d5580000)
  object space 295424K, 24% used [0x0000000080000000,0x0000000084540c90,0x0000000092080000)
 Metaspace       used 112759K, capacity 119918K, committed 120024K, reserved 1153024K
  class space    used 14987K, capacity 16373K, committed 16384K, reserved 1048576K
Event: 328.062 GC heap after
Heap after GC invocations=22 (full 4):
 PSYoungGen      total 475136K, used 35020K [0x00000000d5580000, 0x00000000f5780000, 0x0000000100000000)
  eden space 434176K, 0% used [0x00000000d5580000,0x00000000d5580000,0x00000000efd80000)
  from space 40960K, 85% used [0x00000000f2f80000,0x00000000f51b3020,0x00000000f5780000)
  to   space 46080K, 0% used [0x00000000efd80000,0x00000000efd80000,0x00000000f2a80000)
 ParOldGen       total 295424K, used 70923K [0x0000000080000000, 0x0000000092080000, 0x00000000d5580000)
  object space 295424K, 24% used [0x0000000080000000,0x0000000084542c90,0x0000000092080000)
 Metaspace       used 112759K, capacity 119918K, committed 120024K, reserved 1153024K
  class space    used 14987K, capacity 16373K, committed 16384K, reserved 1048576K
}
Event: 693.724 GC heap before
{Heap before GC invocations=23 (full 4):
 PSYoungGen      total 475136K, used 469196K [0x00000000d5580000, 0x00000000f5780000, 0x0000000100000000)
  eden space 434176K, 100% used [0x00000000d5580000,0x00000000efd80000,0x00000000efd80000)
  from space 40960K, 85% used [0x00000000f2f80000,0x00000000f51b3020,0x00000000f5780000)
  to   space 46080K, 0% used [0x00000000efd80000,0x00000000efd80000,0x00000000f2a80000)
 ParOldGen       total 295424K, used 70923K [0x0000000080000000, 0x0000000092080000, 0x00000000d5580000)
  object space 295424K, 24% used [0x0000000080000000,0x0000000084542c90,0x0000000092080000)
 Metaspace       used 113907K, capacity 121076K, committed 121176K, reserved 1155072K
  class space    used 15028K, capacity 16469K, committed 16512K, reserved 1048576K
Event: 693.745 GC heap after
Heap after GC invocations=23 (full 4):
 PSYoungGen      total 480256K, used 32992K [0x00000000d5580000, 0x00000000f7900000, 0x0000000100000000)
  eden space 434176K, 0% used [0x00000000d5580000,0x00000000d5580000,0x00000000efd80000)
  from space 46080K, 71% used [0x00000000efd80000,0x00000000f1db8070,0x00000000f2a80000)
  to   space 48128K, 0% used [0x00000000f4a00000,0x00000000f4a00000,0x00000000f7900000)
 ParOldGen       total 295424K, used 70931K [0x0000000080000000, 0x0000000092080000, 0x00000000d5580000)
  object space 295424K, 24% used [0x0000000080000000,0x0000000084544c90,0x0000000092080000)
 Metaspace       used 113907K, capacity 121076K, committed 121176K, reserved 1155072K
  class space    used 15028K, capacity 16469K, committed 16512K, reserved 1048576K
}

